{
  "RSpec": {
    "coverage": {
      "/Users/juancastiblanco/Documents/ProyectoInstagram/Instagram/app/models/profile.rb": {
        "lines": [
          1,
          1,
          1,
          1,
          null,
          1,
          null,
          1,
          null,
          1,
          1,
          1,
          1,
          1,
          1,
          1,
          null,
          1,
          3,
          null,
          null,
          1,
          null,
          1,
          null,
          null,
          1,
          1,
          null,
          null,
          1,
          1,
          null,
          null,
          1,
          1,
          null,
          null,
          null
        ]
      },
      "/Users/juancastiblanco/Documents/ProyectoInstagram/Instagram/app/controllers/application_controller.rb": {
        "lines": [
          1,
          null,
          null,
          null,
          1,
          1,
          13,
          1,
          null,
          13,
          null,
          null
        ]
      },
      "/Users/juancastiblanco/Documents/ProyectoInstagram/Instagram/app/controllers/post_controller.rb": {
        "lines": [
          1,
          null,
          1,
          1,
          0,
          null,
          1,
          null,
          null,
          null,
          1,
          0,
          null,
          1,
          0,
          0,
          null,
          null,
          1,
          0,
          0,
          0,
          null,
          0,
          null,
          null,
          1,
          1,
          0,
          null,
          null,
          null,
          null
        ]
      },
      "/Users/juancastiblanco/Documents/ProyectoInstagram/Instagram/app/models/post.rb": {
        "lines": [
          1,
          1,
          1,
          null,
          1,
          1,
          1,
          1,
          null,
          1,
          null,
          1,
          0,
          0,
          null,
          0,
          null,
          null,
          null
        ]
      },
      "/Users/juancastiblanco/Documents/ProyectoInstagram/Instagram/app/models/follower.rb": {
        "lines": [
          1,
          1,
          1,
          null,
          null
        ]
      },
      "/Users/juancastiblanco/Documents/ProyectoInstagram/Instagram/app/controllers/profile_controller.rb": {
        "lines": [
          1,
          null,
          null,
          1,
          null,
          null,
          1,
          1,
          null,
          null,
          1,
          3,
          3,
          null,
          null,
          1,
          3,
          3,
          3,
          1,
          2,
          null,
          null,
          4,
          null,
          null,
          null,
          null,
          null,
          null,
          1,
          0,
          null,
          null,
          1,
          0,
          0,
          null,
          0,
          null,
          null,
          1,
          1,
          0,
          0,
          null,
          null,
          1,
          3,
          null,
          null,
          null,
          null,
          null,
          null
        ]
      }
    },
    "timestamp": 1648049445
  }
}
